<?xml version="1.0" encoding="UTF-8"?>
<!-- Generated by org.testng.reporters.JUnitReportReporter -->
<testsuite hostname="home" name="com.wbl.tests.Mobile.HomePageTest" tests="1" failures="0" timestamp="15 Oct 2015 10:17:55 GMT" time="69.367" errors="0">
  <testcase name="test" time="69.367" classname="com.wbl.tests.Mobile.HomePageTest"/>
</testsuite> <!-- com.wbl.tests.Mobile.HomePageTest -->
